C:\Users\Florin\source\repos\Stan_Florin_453_DAW\PaymentAppFrontEnd\dist\out-tsc\e2e\src\app.po.js
C:\Users\Florin\source\repos\Stan_Florin_453_DAW\PaymentAppFrontEnd\dist\out-tsc\e2e\src\app.po.js.map
C:\Users\Florin\source\repos\Stan_Florin_453_DAW\PaymentAppFrontEnd\dist\out-tsc\e2e\src\app.e2e-spec.js
C:\Users\Florin\source\repos\Stan_Florin_453_DAW\PaymentAppFrontEnd\dist\out-tsc\e2e\src\app.e2e-spec.js.map
C:\Users\Florin\source\repos\Stan_Florin_453_DAW\PaymentAppFrontEnd\dist\out-tsc\src\app\app.component.js
C:\Users\Florin\source\repos\Stan_Florin_453_DAW\PaymentAppFrontEnd\dist\out-tsc\src\app\app.component.js.map
C:\Users\Florin\source\repos\Stan_Florin_453_DAW\PaymentAppFrontEnd\dist\out-tsc\src\app\shared\payment-detail.model.js
C:\Users\Florin\source\repos\Stan_Florin_453_DAW\PaymentAppFrontEnd\dist\out-tsc\src\app\shared\payment-detail.model.js.map
C:\Users\Florin\source\repos\Stan_Florin_453_DAW\PaymentAppFrontEnd\dist\out-tsc\src\app\shared\payment-detail.service.js
C:\Users\Florin\source\repos\Stan_Florin_453_DAW\PaymentAppFrontEnd\dist\out-tsc\src\app\shared\payment-detail.service.js.map
C:\Users\Florin\source\repos\Stan_Florin_453_DAW\PaymentAppFrontEnd\dist\out-tsc\src\app\payment-details\payment-details.component.js
C:\Users\Florin\source\repos\Stan_Florin_453_DAW\PaymentAppFrontEnd\dist\out-tsc\src\app\payment-details\payment-details.component.js.map
C:\Users\Florin\source\repos\Stan_Florin_453_DAW\PaymentAppFrontEnd\dist\out-tsc\src\app\payment-details\payment-details-form\payment-details-form.component.js
C:\Users\Florin\source\repos\Stan_Florin_453_DAW\PaymentAppFrontEnd\dist\out-tsc\src\app\payment-details\payment-details-form\payment-details-form.component.js.map
C:\Users\Florin\source\repos\Stan_Florin_453_DAW\PaymentAppFrontEnd\dist\out-tsc\src\app\app.module.js
C:\Users\Florin\source\repos\Stan_Florin_453_DAW\PaymentAppFrontEnd\dist\out-tsc\src\app\app.module.js.map
C:\Users\Florin\source\repos\Stan_Florin_453_DAW\PaymentAppFrontEnd\dist\out-tsc\src\environments\environment.js
C:\Users\Florin\source\repos\Stan_Florin_453_DAW\PaymentAppFrontEnd\dist\out-tsc\src\environments\environment.js.map
C:\Users\Florin\source\repos\Stan_Florin_453_DAW\PaymentAppFrontEnd\dist\out-tsc\src\main.js
C:\Users\Florin\source\repos\Stan_Florin_453_DAW\PaymentAppFrontEnd\dist\out-tsc\src\main.js.map
C:\Users\Florin\source\repos\Stan_Florin_453_DAW\PaymentAppFrontEnd\dist\out-tsc\src\polyfills.js
C:\Users\Florin\source\repos\Stan_Florin_453_DAW\PaymentAppFrontEnd\dist\out-tsc\src\polyfills.js.map
C:\Users\Florin\source\repos\Stan_Florin_453_DAW\PaymentAppFrontEnd\dist\out-tsc\src\test.js
C:\Users\Florin\source\repos\Stan_Florin_453_DAW\PaymentAppFrontEnd\dist\out-tsc\src\test.js.map
C:\Users\Florin\source\repos\Stan_Florin_453_DAW\PaymentAppFrontEnd\dist\out-tsc\src\app\app.component.spec.js
C:\Users\Florin\source\repos\Stan_Florin_453_DAW\PaymentAppFrontEnd\dist\out-tsc\src\app\app.component.spec.js.map
C:\Users\Florin\source\repos\Stan_Florin_453_DAW\PaymentAppFrontEnd\dist\out-tsc\src\environments\environment.prod.js
C:\Users\Florin\source\repos\Stan_Florin_453_DAW\PaymentAppFrontEnd\dist\out-tsc\src\environments\environment.prod.js.map
